#
# A fatal error has been detected by the Java Runtime Environment:
#
#  Internal Error (javaClasses.cpp:127), pid=9024, tid=10420
#  fatal error: Invalid layout of preloaded class
#
# JRE version:  (8.0_45-b15) (build )
# Java VM: Java HotSpot(TM) 64-Bit Server VM (25.45-b02 mixed mode windows-amd64 compressed oops)
# Failed to write core dump. Minidumps are not enabled by default on client versions of Windows
#
# If you would like to submit a bug report, please visit:
#   http://bugreport.java.com/bugreport/crash.jsp
#

---------------  T H R E A D  ---------------

Current thread (0x000000000016e000):  JavaThread "Unknown thread" [_thread_in_vm, id=10420, stack(0x0000000002440000,0x0000000002540000)]

Stack: [0x0000000002440000,0x0000000002540000]
Native frames: (J=compiled Java code, j=interpreted, Vv=VM code, C=native code)
V  [jvm.dll+0x32b57a]
V  [jvm.dll+0x279873]
V  [jvm.dll+0x27a509]
V  [jvm.dll+0x2717a6]
V  [jvm.dll+0x68183]
V  [jvm.dll+0x68273]
V  [jvm.dll+0x7d74a]
V  [jvm.dll+0x7dab6]
V  [jvm.dll+0xf2157]
V  [jvm.dll+0xf24e6]
V  [jvm.dll+0x20f097]
V  [jvm.dll+0x240e0a]
V  [jvm.dll+0x15ba41]
C  [javaw.exe+0x217e]
C  [javaw.exe+0xcd17]
C  [javaw.exe+0xcdab]
C  [kernel32.dll+0x159ed]
C  [ntdll.dll+0x2c541]


---------------  P R O C E S S  ---------------

Java Threads: ( => current thread )

Other Threads:

=>0x000000000016e000 (exited) JavaThread "Unknown thread" [_thread_in_vm, id=10420, stack(0x0000000002440000,0x0000000002540000)]

VM state:not at safepoint (not fully initialized)

VM Mutex/Monitor currently owned by a thread: None

GC Heap History (0 events):
No events

Deoptimization events (0 events):
No events

Internal exceptions (0 events):
No events

Events (10 events):
Event: 0.018 loading class java/lang/CharSequence done
Event: 0.018 loading class java/lang/String done
Event: 0.018 loading class java/lang/Class
Event: 0.018 loading class java/lang/reflect/AnnotatedElement
Event: 0.018 loading class java/lang/reflect/AnnotatedElement done
Event: 0.018 loading class java/lang/reflect/GenericDeclaration
Event: 0.018 loading class java/lang/reflect/GenericDeclaration done
Event: 0.018 loading class java/lang/reflect/Type
Event: 0.018 loading class java/lang/reflect/Type done
Event: 0.019 loading class java/lang/Class done


Dynamic libraries:
0x000000013f840000 - 0x000000013f877000 	C:\Program Files\Java\jre1.8.0_45\bin\javaw.exe
0x00000000775a0000 - 0x0000000077749000 	C:\Windows\SYSTEM32\ntdll.dll
0x0000000077380000 - 0x000000007749f000 	C:\Windows\system32\kernel32.dll
0x000007fefd6b0000 - 0x000007fefd71b000 	C:\Windows\system32\KERNELBASE.dll
0x000007feff7d0000 - 0x000007feff8ab000 	C:\Windows\system32\ADVAPI32.dll
0x000007fefe870000 - 0x000007fefe90f000 	C:\Windows\system32\msvcrt.dll
0x000007fefe500000 - 0x000007fefe51f000 	C:\Windows\SYSTEM32\sechost.dll
0x000007fefe150000 - 0x000007fefe27d000 	C:\Windows\system32\RPCRT4.dll
0x00000000774a0000 - 0x000000007759a000 	C:\Windows\system32\USER32.dll
0x000007fefe5a0000 - 0x000007fefe607000 	C:\Windows\system32\GDI32.dll
0x000007feff7c0000 - 0x000007feff7ce000 	C:\Windows\system32\LPK.dll
0x000007fefe020000 - 0x000007fefe0e9000 	C:\Windows\system32\USP10.dll
0x000007fefc110000 - 0x000007fefc304000 	C:\Windows\WinSxS\amd64_microsoft.windows.common-controls_6595b64144ccf1df_6.0.7601.17514_none_fa396087175ac9ac\COMCTL32.dll
0x000007fefe910000 - 0x000007fefe981000 	C:\Windows\system32\SHLWAPI.dll
0x000007fefdeb0000 - 0x000007fefdede000 	C:\Windows\system32\IMM32.DLL
0x000007fefdee0000 - 0x000007fefdfe9000 	C:\Windows\system32\MSCTF.dll
0x000000006cdc0000 - 0x000000006ce92000 	C:\Program Files\Java\jre1.8.0_45\bin\msvcr100.dll
0x0000000061340000 - 0x0000000061bc3000 	C:\Program Files\Java\jre1.8.0_45\bin\server\jvm.dll
0x000007fefb9b0000 - 0x000007fefb9b9000 	C:\Windows\system32\WSOCK32.dll
0x000007fefe610000 - 0x000007fefe65d000 	C:\Windows\system32\WS2_32.dll
0x000007fefdff0000 - 0x000007fefdff8000 	C:\Windows\system32\NSI.dll
0x000007fefb750000 - 0x000007fefb78b000 	C:\Windows\system32\WINMM.dll
0x000007fefc600000 - 0x000007fefc60c000 	C:\Windows\system32\VERSION.dll
0x0000000077770000 - 0x0000000077777000 	C:\Windows\system32\PSAPI.DLL
0x0000000074e40000 - 0x0000000074e4f000 	C:\Program Files\Java\jre1.8.0_45\bin\verify.dll
0x00000000730f0000 - 0x0000000073119000 	C:\Program Files\Java\jre1.8.0_45\bin\java.dll
0x0000000074e20000 - 0x0000000074e36000 	C:\Program Files\Java\jre1.8.0_45\bin\zip.dll
0x000007fef2bd0000 - 0x000007fef2cf5000 	C:\Windows\system32\dbghelp.dll

VM Arguments:
jvm_args: -Dfile.encoding=UTF-8 -Xbootclasspath:D:\Program Files\Android\android-sdk-windows\platforms\android-10\android.jar 
java_command: com.weather.WeatherUtil
java_class_path (initial): C:\Users\hzw\Desktop\mydemo\bin\classes;C:\Users\hzw\Desktop\mydemo\libs\nineoldandroids.jar;C:\Users\hzw\Desktop\mydemo\libs\android-support-v4.jar;C:\Users\hzw\Desktop\mydemo\libs\universal-image-loader-1.8.6-with-sources.jar;C:\Users\hzw\Desktop\mydemo\libs\zxing.jar;D:\Program Files\Android\android-sdk-windows\tools\support\annotations.jar
Launcher Type: SUN_STANDARD

Environment Variables:
JAVA_HOME=C:\Program Files\Java\jdk1.8.0_45
CLASSPATH=.;C:\Program Files\Java\jdk1.8.0_45\lib;C:\Program Files\Java\jdk1.8.0_45\lib\tools.jar
PATH=C:/Program Files/Java/jre1.8.0_45/bin/server;C:/Program Files/Java/jre1.8.0_45/bin;C:/Program Files/Java/jre1.8.0_45/lib/amd64;C:\Program Files (x86)\AMD APP\bin\x86_64;C:\Program Files (x86)\AMD APP\bin\x86;C:\ProgramData\Oracle\Java\javapath;C:\Windows\system32;C:\Windows;C:\Windows\System32\Wbem;C:\Windows\System32\WindowsPowerShell\v1.0\;C:\Program Files\Java\jdk1.8.0_45\bin;C:\Program Files\Java\jdk1.8.0_45\jre\bin;C:\Program Files (x86)\ATI Technologies\ATI.ACE\Core-Static;D:\Program Files (x86)\eclipse;
USERNAME=hzw
OS=Windows_NT
PROCESSOR_IDENTIFIER=Intel64 Family 6 Model 37 Stepping 5, GenuineIntel



---------------  S Y S T E M  ---------------

OS: Windows 7 , 64 bit Build 7601 (6.1.7601.18409)

CPU:total 4 (2 cores per cpu, 2 threads per core) family 6 model 37 stepping 5, cmov, cx8, fxsr, mmx, sse, sse2, sse3, ssse3, sse4.1, sse4.2, popcnt, ht, tsc, tscinvbit

Memory: 4k page, physical 5954340k(3326480k free), swap 11906820k(8027232k free)

vm_info: Java HotSpot(TM) 64-Bit Server VM (25.45-b02) for windows-amd64 JRE (1.8.0_45-b15), built on Apr 30 2015 12:40:44 by "java_re" with MS VC++ 10.0 (VS2010)

time: Thu Jun 18 16:43:57 2015
elapsed time: 0 seconds (0d 0h 0m 0s)

